CMake Error at C:/Users/สรวิชญ์/.espressif/tools/cmake/3.24.0/share/cmake-3.24/Modules/CMakeTestCCompiler.cmake:69 (message):
  The C compiler

    "C:/Users/สรวิชญ์/.espressif/tools/xtensa-esp-elf/esp-13.2.0_20240530/xtensa-esp-elf/bin/xtensa-esp32-elf-gcc.exe"

  is not able to compile a simple test program.

  It fails with the following output:

    Change Dir: E:/.Computer Lau/P3_ESP32/blink/build/CMakeFiles/CMakeTmp
    
    Run Build Command(s):C:/Users/สรวิชญ์/.espressif/tools/ninja/1.11.1/ninja.exe cmTC_88fca && [1/2] Building C object CMakeFiles\cmTC_88fca.dir\testCCompiler.c.obj
    FAILED: CMakeFiles/cmTC_88fca.dir/testCCompiler.c.obj 
    C:\Users\เธชเธฃเธงเธดเธเธเน\.espressif\tools\xtensa-esp-elf\esp-13.2.0_20240530\xtensa-esp-elf\bin\xtensa-esp32-elf-gcc.exe   -mlongcalls -Wno-frame-address  -fno-builtin-memcpy -fno-builtin-memset -fno-builtin-bzero -fno-builtin-stpcpy -fno-builtin-strncpy -o CMakeFiles\cmTC_88fca.dir\testCCompiler.c.obj -c "E:\.Computer Lau\P3_ESP32\blink\build\CMakeFiles\CMakeTmp\testCCompiler.c"
    thread 'main' panicked at 'assertion failed: `(left != right)`
      left: `0`,
     right: `0`: Failed to get path name. Error code: 3', main.rs:65:9
    note: run with `RUST_BACKTRACE=1` environment variable to display a backtrace
    ninja: build stopped: subcommand failed.
    
    

  

  CMake will not be able to correctly generate this project.
Call Stack (most recent call first):
  C:/Users/สรวิชญ์/esp/v5.3.1/esp-idf/tools/cmake/project.cmake:564 (__project)
  CMakeLists.txt:6 (project)


